<?xml version="1.0" encoding="UTF-8"?>
<!-- Generated by org.testng.reporters.JUnitXMLReporter -->
<testsuite hostname="arpathak-t460" ignored="0" name="Test" tests="4" failures="0" timestamp="2020-10-28T15:54:06 IST" time="0.108" errors="0">
  <testcase name="BrowserAutomation" time="0.023" classname="testproject.SeleniumTest"/>
  <testcase name="elemtsUI" time="0.002" classname="testproject.SeleniumTest"/>
  <testcase name="MobileTests" time="0.003" classname="testproject.AppiumTest"/>
  <testcase name="mobileGUI" time="0.002" classname="testproject.AppiumTest"/>
</testsuite> <!-- Test -->
