<?xml version="1.0" encoding="UTF-8"?>
<testng-results skipped="0" failed="0" ignored="0" total="4" passed="4">
  <reporter-output>
  </reporter-output>
  <suite name="Suite" duration-ms="79" started-at="2020-05-21T23:26:24 IST" finished-at="2020-05-21T23:26:24 IST">
    <groups>
    </groups>
    <test name="Test" duration-ms="79" started-at="2020-05-21T23:26:24 IST" finished-at="2020-05-21T23:26:24 IST">
      <class name="testproject.AppiumTest">
        <test-method status="PASS" signature="MobileTests()[pri:0, instance:testproject.AppiumTest@271053e1]" name="MobileTests" duration-ms="0" started-at="2020-05-21T23:26:24 IST" finished-at="2020-05-21T23:26:24 IST">
          <reporter-output>
          </reporter-output>
        </test-method> <!-- MobileTests -->
        <test-method status="PASS" signature="mobileGUI()[pri:0, instance:testproject.AppiumTest@271053e1]" name="mobileGUI" duration-ms="0" started-at="2020-05-21T23:26:24 IST" finished-at="2020-05-21T23:26:24 IST">
          <reporter-output>
          </reporter-output>
        </test-method> <!-- mobileGUI -->
      </class> <!-- testproject.AppiumTest -->
      <class name="testproject.SeleniumTest">
        <test-method status="PASS" signature="BrowserAutomation()[pri:0, instance:testproject.SeleniumTest@4f7d0008]" name="BrowserAutomation" duration-ms="10" started-at="2020-05-21T23:26:24 IST" finished-at="2020-05-21T23:26:24 IST">
          <reporter-output>
          </reporter-output>
        </test-method> <!-- BrowserAutomation -->
        <test-method status="PASS" signature="elemtsUI()[pri:0, instance:testproject.SeleniumTest@4f7d0008]" name="elemtsUI" duration-ms="1" started-at="2020-05-21T23:26:24 IST" finished-at="2020-05-21T23:26:24 IST">
          <reporter-output>
          </reporter-output>
        </test-method> <!-- elemtsUI -->
      </class> <!-- testproject.SeleniumTest -->
    </test> <!-- Test -->
  </suite> <!-- Suite -->
</testng-results>
